<?xml version="1.0" encoding="UTF-8"?>
<testsuite xmlns:xsi="http://www.w3.org/2001/XMLSchema-instance" xsi:noNamespaceSchemaLocation="https://maven.apache.org/surefire/maven-surefire-plugin/xsd/surefire-test-report.xsd" name="TestSuite" time="1.618" tests="13" errors="0" skipped="0" failures="0">
  <properties>
[...]
</properties>
  <testcase name="filePathUnreadableTest" classname="com.varun.notificationsolution.util.CSVReaderUtilTest" time="0.032"/>
  <testcase name="positiveTest" classname="com.varun.notificationsolution.util.CSVReaderUtilTest" time="0.032"/>
  <testcase name="filePathUnreadableTest" classname="com.varun.notificationsolution.util.JsonFileReaderUtilTest" time="0.013"/>
  <testcase name="positiveTest" classname="com.varun.notificationsolution.util.JsonFileReaderUtilTest" time="0.104"/>
  <testcase name="airlineListToMapNullTest" classname="com.varun.notificationsolution.util.UtilityTest" time="0.001"/>
  <testcase name="airlineListToMapTest" classname="com.varun.notificationsolution.util.UtilityTest" time="0.001"/>
  <testcase name="csvReaderException" classname="com.varun.notificationsolution.service.WorkflowTest" time="0.037"/>
  <testcase name="emailCreatorException" classname="com.varun.notificationsolution.service.WorkflowTest" time="0.001"/>
  <testcase name="jsonReaderException" classname="com.varun.notificationsolution.service.WorkflowTest" time="0.004"/>
  <testcase name="positiveTest" classname="com.varun.notificationsolution.service.WorkflowTest" time="0.003"/>
  <testcase name="equalDates" classname="com.varun.notificationsolution.util.EntryComparatorTest" time="0"/>
  <testcase name="firstDateGreater" classname="com.varun.notificationsolution.util.EntryComparatorTest" time="0.001"/>
  <testcase name="secondDateGreater" classname="com.varun.notificationsolution.util.EntryComparatorTest" time="0"/>
</testsuite>