<?xml version="1.0" encoding="UTF-8"?>
<!-- Generated by org.testng.reporters.JUnitXMLReporter -->
<testsuite hostname="DELC02TW6T0G8WN.sea.corp.expecn.com" name="Surefire test" tests="13" failures="0" timestamp="4 Jun 2019 02:11:15 GMT" time="1.092" errors="0">
  <testcase name="filePathUnreadableTest" time="0.036" classname="com.varun.notificationsolution.util.CSVReaderUtilTest"/>
  <testcase name="positiveTest" time="0.032" classname="com.varun.notificationsolution.util.CSVReaderUtilTest"/>
  <testcase name="filePathUnreadableTest" time="0.013" classname="com.varun.notificationsolution.util.JsonFileReaderUtilTest"/>
  <testcase name="positiveTest" time="0.104" classname="com.varun.notificationsolution.util.JsonFileReaderUtilTest"/>
  <testcase name="airlineListToMapNullTest" time="0.001" classname="com.varun.notificationsolution.util.UtilityTest"/>
  <testcase name="airlineListToMapTest" time="0.002" classname="com.varun.notificationsolution.util.UtilityTest"/>
  <testcase name="csvReaderException" time="0.036" classname="com.varun.notificationsolution.service.WorkflowTest"/>
  <testcase name="emailCreatorException" time="0.001" classname="com.varun.notificationsolution.service.WorkflowTest"/>
  <testcase name="jsonReaderException" time="0.003" classname="com.varun.notificationsolution.service.WorkflowTest"/>
  <testcase name="positiveTest" time="0.003" classname="com.varun.notificationsolution.service.WorkflowTest"/>
  <testcase name="equalDates" time="0.0" classname="com.varun.notificationsolution.util.EntryComparatorTest"/>
  <testcase name="firstDateGreater" time="0.0" classname="com.varun.notificationsolution.util.EntryComparatorTest"/>
  <testcase name="secondDateGreater" time="0.0" classname="com.varun.notificationsolution.util.EntryComparatorTest"/>
</testsuite> <!-- Surefire test -->
